Using pre-set license
Desktop is 1920 x 1080 @ 60 Hz

 COMMAND LINE ARGUMENTS:
Unity
-adb2
-batchMode
-noUpm
-name
AssetImportWorker0
-projectPath
/home/shubhro/unity_projects/UndeadVillage/UndeadVillage
-logFile
Logs/AssetImportWorker0.log
-srvPort
15189
Successfully changed project path to: /home/shubhro/unity_projects/UndeadVillage/UndeadVillage
/home/shubhro/unity_projects/UndeadVillage/UndeadVillage
Using Asset Import Pipeline V2.
Refreshing native plugins compatible for Editor in 52.39 ms, found 0 plugins.
Preloading 0 native plugins for Editor in 0.00 ms.
Initialize engine version: 2020.3.0f1 (c7b5465681fb)
[Subsystems] Discovering subsystems at path /home/shubhro/unity_editors/Editor/Data/Resources/UnitySubsystems
[Subsystems] Discovering subsystems at path /home/shubhro/unity_projects/UndeadVillage/UndeadVillage/Assets
GLX Extensions: GLX_ARB_create_context GLX_ARB_create_context_no_error GLX_ARB_create_context_profile GLX_ARB_create_context_robustness GLX_ARB_fbconfig_float GLX_ARB_framebuffer_sRGB GLX_ARB_get_proc_address GLX_ARB_multisample GLX_EXT_buffer_age GLX_EXT_create_context_es2_profile GLX_EXT_create_context_es_profile GLX_EXT_fbconfig_packed_float GLX_EXT_framebuffer_sRGB GLX_EXT_import_context GLX_EXT_no_config_context GLX_EXT_swap_control GLX_EXT_swap_control_tear GLX_EXT_texture_from_pixmap GLX_EXT_visual_info GLX_EXT_visual_rating GLX_INTEL_swap_event GLX_MESA_copy_sub_buffer GLX_MESA_query_renderer GLX_MESA_swap_control GLX_OML_swap_method GLX_OML_sync_control GLX_SGIS_multisample GLX_SGIX_fbconfig GLX_SGIX_pbuffer GLX_SGIX_visual_select_group GLX_SGI_make_current_read GLX_SGI_swap_control GLX_SGI_video_sync 
Renderer: Mesa Intel(R) UHD Graphics 620 (KBL GT2)
Vendor:   Intel
Version:  4.6 (Core Profile) Mesa 21.3.7 - kisak-mesa PPA
GLES:     0
 GL_3DFX_texture_compression_FXT1 GL_AMD_conservative_depth GL_AMD_depth_clamp_separate GL_AMD_draw_buffers_blend GL_AMD_gpu_shader_int64 GL_AMD_multi_draw_indirect GL_AMD_performance_monitor GL_AMD_pinned_memory GL_AMD_query_buffer_object GL_AMD_seamless_cubemap_per_texture GL_AMD_shader_stencil_export GL_AMD_shader_trinary_minmax GL_AMD_texture_texture4 GL_AMD_vertex_shader_layer GL_AMD_vertex_shader_viewport_index GL_ANGLE_texture_compression_dxt3 GL_ANGLE_texture_compression_dxt5 GL_ARB_ES2_compatibility GL_ARB_ES3_1_compatibility GL_ARB_ES3_2_compatibility GL_ARB_ES3_compatibility GL_ARB_arrays_of_arrays GL_ARB_base_instance GL_ARB_blend_func_extended GL_ARB_buffer_storage GL_ARB_clear_buffer_object GL_ARB_clear_texture GL_ARB_clip_control GL_ARB_compressed_texture_pixel_storage GL_ARB_compute_shader GL_ARB_compute_variable_group_size GL_ARB_conditional_render_inverted GL_ARB_conservative_depth GL_ARB_copy_buffer GL_ARB_copy_image GL_ARB_cull_distance GL_ARB_debug_output GL_ARB_depth_buffer_float GL_ARB
_depth_clamp GL_ARB_derivative_control GL_ARB_direct_state_access GL_ARB_draw_buffers GL_ARB_draw_buffers_blend GL_ARB_draw_elements_base_vertex GL_ARB_draw_indirect GL_ARB_draw_instanced GL_ARB_enhanced_layouts GL_ARB_explicit_attrib_location GL_ARB_explicit_uniform_location GL_ARB_fragment_coord_conventions GL_ARB_fragment_layer_viewport GL_ARB_fragment_shader GL_ARB_fragment_shader_interlock GL_ARB_framebuffer_no_attachments GL_ARB_framebuffer_object GL_ARB_framebuffer_sRGB GL_ARB_get_program_binary GL_ARB_get_texture_sub_image GL_ARB_gl_spirv GL_ARB_gpu_shader5 GL_ARB_gpu_shader_fp64 GL_ARB_gpu_shader_int64 GL_ARB_half_float_pixel GL_ARB_half_float_vertex GL_ARB_indirect_parameters GL_ARB_instanced_arrays GL_ARB_internalformat_query GL_ARB_internalformat_query2 GL_ARB_invalidate_subdata GL_ARB_map_buffer_alignment GL_ARB_map_buffer_range GL_ARB_multi_bind GL_ARB_multi_draw_indirect GL_ARB_occlusion_query2 GL_ARB_parallel_shader_compile GL_ARB_pipeline_statistics_query GL_ARB_pixel_buffer_object GL_ARB_po
int_sprite GL_ARB_polygon_offset_clamp GL_ARB_post_depth_coverage GL_ARB_program_interface_query GL_ARB_provoking_vertex GL_ARB_query_buffer_object GL_ARB_robust_buffer_access_behavior GL_ARB_robustness GL_ARB_sample_shading GL_ARB_sampler_objects GL_ARB_seamless_cube_map GL_ARB_seamless_cubemap_per_texture GL_ARB_separate_shader_objects GL_ARB_shader_atomic_counter_ops GL_ARB_shader_atomic_counters GL_ARB_shader_ballot GL_ARB_shader_bit_encoding GL_ARB_shader_clock GL_ARB_shader_draw_parameters GL_ARB_shader_group_vote GL_ARB_shader_image_load_store GL_ARB_shader_image_size GL_ARB_shader_objects GL_ARB_shader_precision GL_ARB_shader_stencil_export GL_ARB_shader_storage_buffer_object GL_ARB_shader_subroutine GL_ARB_shader_texture_image_samples GL_ARB_shader_texture_lod GL_ARB_shader_viewport_layer_array GL_ARB_shading_language_420pack GL_ARB_shading_language_include GL_ARB_shading_language_packing GL_ARB_spirv_extensions GL_ARB_stencil_texturing GL_ARB_sync GL_ARB_tessellation_shader GL_ARB_texture_barrier G
L_ARB_texture_buffer_object GL_ARB_texture_buffer_object_rgb32 GL_ARB_texture_buffer_range GL_ARB_texture_compression_bptc GL_ARB_texture_compression_rgtc GL_ARB_texture_cube_map_array GL_ARB_texture_filter_anisotropic GL_ARB_texture_float GL_ARB_texture_gather GL_ARB_texture_mirror_clamp_to_edge GL_ARB_texture_multisample GL_ARB_texture_non_power_of_two GL_ARB_texture_query_levels GL_ARB_texture_query_lod GL_ARB_texture_rectangle GL_ARB_texture_rg GL_ARB_texture_rgb10_a2ui GL_ARB_texture_stencil8 GL_ARB_texture_storage GL_ARB_texture_storage_multisample GL_ARB_texture_swizzle GL_ARB_texture_view GL_ARB_timer_query GL_ARB_transform_feedback2 GL_ARB_transform_feedback3 GL_ARB_transform_feedback_instanced GL_ARB_transform_feedback_overflow_query GL_ARB_uniform_buffer_object GL_ARB_vertex_array_bgra GL_ARB_vertex_array_object GL_ARB_vertex_attrib_64bit GL_ARB_vertex_attrib_binding GL_ARB_vertex_buffer_object GL_ARB_vertex_shader GL_ARB_vertex_type_10f_11f_11f_rev GL_ARB_vertex_type_2_10_10_10_rev GL_ARB_viewpor
t_array GL_ATI_blend_equation_separate GL_ATI_texture_float GL_EXT_EGL_image_storage GL_EXT_EGL_sync GL_EXT_abgr GL_EXT_blend_equation_separate GL_EXT_demote_to_helper_invocation GL_EXT_draw_buffers2 GL_EXT_draw_instanced GL_EXT_framebuffer_blit GL_EXT_framebuffer_multisample GL_EXT_framebuffer_multisample_blit_scaled GL_EXT_framebuffer_object GL_EXT_framebuffer_sRGB GL_EXT_memory_object GL_EXT_memory_object_fd GL_EXT_packed_depth_stencil GL_EXT_packed_float GL_EXT_pixel_buffer_object GL_EXT_polygon_offset_clamp GL_EXT_provoking_vertex GL_EXT_semaphore GL_EXT_semaphore_fd GL_EXT_shader_framebuffer_fetch GL_EXT_shader_framebuffer_fetch_non_coherent GL_EXT_shader_integer_mix GL_EXT_shader_samples_identical GL_EXT_texture_array GL_EXT_texture_compression_dxt1 GL_EXT_texture_compression_rgtc GL_EXT_texture_compression_s3tc GL_EXT_texture_filter_anisotropic GL_EXT_texture_integer GL_EXT_texture_sRGB GL_EXT_texture_sRGB_R8 GL_EXT_texture_sRGB_decode GL_EXT_texture_shadow_lod GL_EXT_texture_shared_exponent GL_EXT_t
exture_snorm GL_EXT_texture_swizzle GL_EXT_timer_query GL_EXT_transform_feedback GL_EXT_vertex_array_bgra GL_EXT_vertex_attrib_64bit GL_IBM_multimode_draw_arrays GL_INTEL_blackhole_render GL_INTEL_conservative_rasterization GL_INTEL_performance_query GL_INTEL_shader_atomic_float_minmax GL_INTEL_shader_integer_functions2 GL_KHR_blend_equation_advanced GL_KHR_blend_equation_advanced_coherent GL_KHR_context_flush_control GL_KHR_debug GL_KHR_no_error GL_KHR_parallel_shader_compile GL_KHR_robust_buffer_access_behavior GL_KHR_robustness GL_KHR_texture_compression_astc_ldr GL_KHR_texture_compression_astc_sliced_3d GL_MESA_framebuffer_flip_y GL_MESA_pack_invert GL_MESA_shader_integer_functions GL_MESA_texture_signed_rgba GL_NV_compute_shader_derivatives GL_NV_conditional_render GL_NV_copy_image GL_NV_depth_clamp GL_NV_fragment_shader_interlock GL_NV_packed_depth_stencil GL_NV_texture_barrier GL_OES_EGL_image GL_S3_s3tc
OPENGL LOG: Creating OpenGL 4.6 graphics device ; Context level  <OpenGL 4.5> ; Context handle 1030647616
Shader 'Universal Render Pipeline/Particles/Lit': fallback shader 'Universal Render Pipeline/Particles/SimpleLit' not found
Initialize mono
Mono path[0] = '/home/shubhro/unity_editors/Editor/Data/Managed'
Mono path[1] = '/home/shubhro/unity_editors/Editor/Data/MonoBleedingEdge/lib/mono/unityjit'
Mono config path = '/home/shubhro/unity_editors/Editor/Data/MonoBleedingEdge/etc'
Using monoOptions --debugger-agent=transport=dt_socket,embedding=1,server=y,suspend=n,address=127.0.0.1:56620
Begin MonoManager ReloadAssembly
Registering precompiled unity dll's ...
Register platform support module: /home/shubhro/unity_editors/Editor/Data/PlaybackEngines/LinuxStandaloneSupport/UnityEditor.LinuxStandalone.Extensions.dll
Registered in 0.001120 seconds.
Native extension for LinuxStandalone target not found
Refreshing native plugins compatible for Editor in 48.58 ms, found 0 plugins.
Preloading 0 native plugins for Editor in 0.00 ms.
Invoked RoslynAnalysisRunner static constructor.
RoslynAnalysisRunner will not be running.
RoslynAnalysisRunner has terminated.
Mono: successfully reloaded assembly
- Completed reload, in  0.933 seconds
Platform modules already initialized, skipping
Registering precompiled user dll's ...
Registered in 0.001071 seconds.
Begin MonoManager ReloadAssembly
Native extension for LinuxStandalone target not found
Refreshing native plugins compatible for Editor in 63.64 ms, found 0 plugins.
Preloading 0 native plugins for Editor in 0.00 ms.
Invoked RoslynAnalysisRunner static constructor.
RoslynAnalysisRunner will not be running.
RoslynAnalysisRunner has terminated.
Mono: successfully reloaded assembly
- Completed reload, in  1.108 seconds
Platform modules already initialized, skipping
========================================================================
Worker process is ready to serve import requests
Shader 'Universal Render Pipeline/Particles/Lit': fallback shader 'Universal Render Pipeline/Particles/SimpleLit' not found
Launched and connected shader compiler UnityShaderCompiler after 0.01 seconds
Refreshing native plugins compatible for Editor in 0.49 ms, found 0 plugins.
Preloading 0 native plugins for Editor in 0.00 ms.
Unloading 2549 Unused Serialized files (Serialized files now loaded: 0)
System memory in use before: 191.1 MB.
System memory in use after: 191.2 MB.

Unloading 11 unused Assets to reduce memory usage. Loaded Objects now: 3013.
Total: 3.776987 ms (FindLiveObjects: 0.342241 ms CreateObjectMapping: 0.137833 ms MarkObjects: 3.088842 ms  DeleteObjects: 0.205925 ms)

========================================================================
Received Import Request.
  path: ProjectSettings/TagManager.asset
  artifactKey: Guid(00000000000000003000000000000000) Importer(815301076,1909f56bfc062723c751e8b465ee728b)
Start importing ProjectSettings/TagManager.asset using Guid(00000000000000003000000000000000) Importer(815301076,1909f56bfc062723c751e8b465ee728b)  -> (artifact id: 'b1805570dad21d59ac62679e3a7f09b7') in 0.068266 seconds
  Import took 0.077860 seconds .

========================================================================
Received Import Request.
  Time since last request: 135.153213 seconds.
  path: Assets/Profiles
  artifactKey: Guid(1c749eb7939e3fed8a9cb44494a3c540) Importer(815301076,1909f56bfc062723c751e8b465ee728b)
Start importing Assets/Profiles using Guid(1c749eb7939e3fed8a9cb44494a3c540) Importer(815301076,1909f56bfc062723c751e8b465ee728b)  -> (artifact id: '7b9e1d861bd8595759472a5496848f2c') in 0.001561 seconds
  Import took 0.009446 seconds .

========================================================================
Received Import Request.
  Time since last request: 0.001945 seconds.
  path: Assets/Profiles
  artifactKey: Guid(1c749eb7939e3fed8a9cb44494a3c540) Importer(815301076,1909f56bfc062723c751e8b465ee728b)
Start importing Assets/Profiles using Guid(1c749eb7939e3fed8a9cb44494a3c540) Importer(815301076,1909f56bfc062723c751e8b465ee728b)  -> (artifact id: '7b9e1d861bd8595759472a5496848f2c') in 0.001132 seconds
  Import took 0.006741 seconds .

========================================================================
Received Import Request.
  Time since last request: 18.472040 seconds.
  path: Assets/Profiles/Profile001.asset
  artifactKey: Guid(efdc503e169e70981a3598bdb8eaaab3) Importer(815301076,1909f56bfc062723c751e8b465ee728b)
Start importing Assets/Profiles/Profile001.asset using Guid(efdc503e169e70981a3598bdb8eaaab3) Importer(815301076,1909f56bfc062723c751e8b465ee728b)  -> (artifact id: 'b38437f5a4d83a0a7e776aa80e08bce3') in 0.004410 seconds
  Import took 0.011121 seconds .

========================================================================
Received Import Request.
  Time since last request: 0.003411 seconds.
  path: Assets/Profiles/Profile001.asset
  artifactKey: Guid(efdc503e169e70981a3598bdb8eaaab3) Importer(815301076,1909f56bfc062723c751e8b465ee728b)
Start importing Assets/Profiles/Profile001.asset using Guid(efdc503e169e70981a3598bdb8eaaab3) Importer(815301076,1909f56bfc062723c751e8b465ee728b)  -> (artifact id: 'b38437f5a4d83a0a7e776aa80e08bce3') in 0.002797 seconds
  Import took 0.009911 seconds .

========================================================================
Received Import Request.
  Time since last request: 23.345380 seconds.
  path: Assets/Profiles/Profile001.asset
  artifactKey: Guid(efdc503e169e70981a3598bdb8eaaab3) Importer(815301076,1909f56bfc062723c751e8b465ee728b)
Start importing Assets/Profiles/Profile001.asset using Guid(efdc503e169e70981a3598bdb8eaaab3) Importer(815301076,1909f56bfc062723c751e8b465ee728b)  -> (artifact id: 'bb8bc98a58dd1ba34390db27ec91ff98') in 0.048305 seconds
  Import took 0.053288 seconds .

========================================================================
Received Import Request.
  Time since last request: 468.677463 seconds.
  path: Assets/Profiles/Profile001.asset
  artifactKey: Guid(efdc503e169e70981a3598bdb8eaaab3) Importer(815301076,1909f56bfc062723c751e8b465ee728b)
Start importing Assets/Profiles/Profile001.asset using Guid(efdc503e169e70981a3598bdb8eaaab3) Importer(815301076,1909f56bfc062723c751e8b465ee728b)  -> (artifact id: 'e3fb983e767efd415f890f892bf84949') in 0.046437 seconds
  Import took 0.051536 seconds .

========================================================================
Received Import Request.
  Time since last request: 41.740190 seconds.
  path: Assets/Profiles/Profile001.asset
  artifactKey: Guid(efdc503e169e70981a3598bdb8eaaab3) Importer(815301076,1909f56bfc062723c751e8b465ee728b)
Start importing Assets/Profiles/Profile001.asset using Guid(efdc503e169e70981a3598bdb8eaaab3) Importer(815301076,1909f56bfc062723c751e8b465ee728b)  -> (artifact id: '753242e2705ca980ec6466663e926a1d') in 0.002418 seconds
  Import took 0.007382 seconds .

========================================================================
Received Import Request.
  Time since last request: 0.010664 seconds.
  path: Assets/Profiles/Profile001.asset
  artifactKey: Guid(efdc503e169e70981a3598bdb8eaaab3) Importer(815301076,1909f56bfc062723c751e8b465ee728b)
Start importing Assets/Profiles/Profile001.asset using Guid(efdc503e169e70981a3598bdb8eaaab3) Importer(815301076,1909f56bfc062723c751e8b465ee728b)  -> (artifact id: '753242e2705ca980ec6466663e926a1d') in 0.003135 seconds
  Import took 0.012740 seconds .

========================================================================
Received Prepare
Registering precompiled user dll's ...
Registered in 0.001829 seconds.
Begin MonoManager ReloadAssembly
Native extension for LinuxStandalone target not found
Refreshing native plugins compatible for Editor in 0.49 ms, found 0 plugins.
Preloading 0 native plugins for Editor in 0.00 ms.
Invoked RoslynAnalysisRunner static constructor.
RoslynAnalysisRunner will not be running.
RoslynAnalysisRunner has terminated.
Mono: successfully reloaded assembly
- Completed reload, in  0.962 seconds
Platform modules already initialized, skipping
Shader 'Universal Render Pipeline/Particles/Lit': fallback shader 'Universal Render Pipeline/Particles/SimpleLit' not found
Refreshing native plugins compatible for Editor in 0.48 ms, found 0 plugins.
Preloading 0 native plugins for Editor in 0.00 ms.
Unloading 2462 Unused Serialized files (Serialized files now loaded: 0)
System memory in use before: 184.7 MB.
System memory in use after: 184.9 MB.

Unloading 7 unused Assets to reduce memory usage. Loaded Objects now: 3016.
Total: 3.751833 ms (FindLiveObjects: 0.277591 ms CreateObjectMapping: 0.133311 ms MarkObjects: 3.244942 ms  DeleteObjects: 0.094587 ms)

========================================================================
Received Prepare
Registering precompiled user dll's ...
Registered in 0.006348 seconds.
Begin MonoManager ReloadAssembly
Native extension for LinuxStandalone target not found
Refreshing native plugins compatible for Editor in 1.16 ms, found 0 plugins.
Preloading 0 native plugins for Editor in 0.00 ms.
Invoked RoslynAnalysisRunner static constructor.
RoslynAnalysisRunner will not be running.
RoslynAnalysisRunner has terminated.
Mono: successfully reloaded assembly
- Completed reload, in  2.895 seconds
Platform modules already initialized, skipping
Shader 'Universal Render Pipeline/Particles/Lit': fallback shader 'Universal Render Pipeline/Particles/SimpleLit' not found
Refreshing native plugins compatible for Editor in 3.35 ms, found 0 plugins.
Preloading 0 native plugins for Editor in 0.00 ms.
Unloading 2462 Unused Serialized files (Serialized files now loaded: 0)
System memory in use before: 184.8 MB.
System memory in use after: 184.9 MB.

Unloading 6 unused Assets to reduce memory usage. Loaded Objects now: 3019.
Total: 14.301444 ms (FindLiveObjects: 0.523806 ms CreateObjectMapping: 0.400605 ms MarkObjects: 12.929102 ms  DeleteObjects: 0.439903 ms)

========================================================================
Received Prepare
Registering precompiled user dll's ...
Registered in 0.001449 seconds.
Begin MonoManager ReloadAssembly
Native extension for LinuxStandalone target not found
Refreshing native plugins compatible for Editor in 0.56 ms, found 0 plugins.
Preloading 0 native plugins for Editor in 0.00 ms.
Invoked RoslynAnalysisRunner static constructor.
RoslynAnalysisRunner will not be running.
RoslynAnalysisRunner has terminated.
Mono: successfully reloaded assembly
- Completed reload, in  0.995 seconds
Platform modules already initialized, skipping
Shader 'Universal Render Pipeline/Particles/Lit': fallback shader 'Universal Render Pipeline/Particles/SimpleLit' not found
Refreshing native plugins compatible for Editor in 0.42 ms, found 0 plugins.
Preloading 0 native plugins for Editor in 0.00 ms.
Unloading 2462 Unused Serialized files (Serialized files now loaded: 0)
System memory in use before: 184.8 MB.
System memory in use after: 185.0 MB.

Unloading 6 unused Assets to reduce memory usage. Loaded Objects now: 3022.
Total: 4.260908 ms (FindLiveObjects: 0.310803 ms CreateObjectMapping: 0.146883 ms MarkObjects: 3.705617 ms  DeleteObjects: 0.095903 ms)

========================================================================
Received Prepare
Registering precompiled user dll's ...
Registered in 0.004233 seconds.
Begin MonoManager ReloadAssembly
Native extension for LinuxStandalone target not found
Refreshing native plugins compatible for Editor in 0.56 ms, found 0 plugins.
Preloading 0 native plugins for Editor in 0.00 ms.
Invoked RoslynAnalysisRunner static constructor.
RoslynAnalysisRunner will not be running.
RoslynAnalysisRunner has terminated.
Mono: successfully reloaded assembly
- Completed reload, in  1.079 seconds
Platform modules already initialized, skipping
Shader 'Universal Render Pipeline/Particles/Lit': fallback shader 'Universal Render Pipeline/Particles/SimpleLit' not found
Refreshing native plugins compatible for Editor in 0.48 ms, found 0 plugins.
Preloading 0 native plugins for Editor in 0.00 ms.
Unloading 2462 Unused Serialized files (Serialized files now loaded: 0)
System memory in use before: 184.8 MB.
System memory in use after: 185.0 MB.

Unloading 6 unused Assets to reduce memory usage. Loaded Objects now: 3025.
Total: 3.606353 ms (FindLiveObjects: 0.299580 ms CreateObjectMapping: 0.118801 ms MarkObjects: 3.087927 ms  DeleteObjects: 0.098656 ms)

========================================================================
Received Prepare
Registering precompiled user dll's ...
Registered in 0.001327 seconds.
Begin MonoManager ReloadAssembly
Native extension for LinuxStandalone target not found
Refreshing native plugins compatible for Editor in 0.92 ms, found 0 plugins.
Preloading 0 native plugins for Editor in 0.00 ms.
Invoked RoslynAnalysisRunner static constructor.
RoslynAnalysisRunner will not be running.
RoslynAnalysisRunner has terminated.
Mono: successfully reloaded assembly
- Completed reload, in  1.168 seconds
Platform modules already initialized, skipping
Shader 'Universal Render Pipeline/Particles/Lit': fallback shader 'Universal Render Pipeline/Particles/SimpleLit' not found
Refreshing native plugins compatible for Editor in 0.47 ms, found 0 plugins.
Preloading 0 native plugins for Editor in 0.00 ms.
Unloading 2462 Unused Serialized files (Serialized files now loaded: 0)
System memory in use before: 184.7 MB.
System memory in use after: 184.9 MB.

Unloading 6 unused Assets to reduce memory usage. Loaded Objects now: 3028.
Total: 5.039606 ms (FindLiveObjects: 0.411090 ms CreateObjectMapping: 0.144810 ms MarkObjects: 4.384008 ms  DeleteObjects: 0.097928 ms)

========================================================================
Received Prepare
Registering precompiled user dll's ...
Registered in 0.001428 seconds.
Begin MonoManager ReloadAssembly
Native extension for LinuxStandalone target not found
Refreshing native plugins compatible for Editor in 0.48 ms, found 0 plugins.
Preloading 0 native plugins for Editor in 0.00 ms.
Invoked RoslynAnalysisRunner static constructor.
RoslynAnalysisRunner will not be running.
RoslynAnalysisRunner has terminated.
Mono: successfully reloaded assembly
- Completed reload, in  0.918 seconds
Platform modules already initialized, skipping
Shader 'Universal Render Pipeline/Particles/Lit': fallback shader 'Universal Render Pipeline/Particles/SimpleLit' not found
Refreshing native plugins compatible for Editor in 0.51 ms, found 0 plugins.
Preloading 0 native plugins for Editor in 0.00 ms.
Unloading 2462 Unused Serialized files (Serialized files now loaded: 0)
System memory in use before: 184.8 MB.
System memory in use after: 185.0 MB.

Unloading 6 unused Assets to reduce memory usage. Loaded Objects now: 3031.
Total: 3.980626 ms (FindLiveObjects: 0.281017 ms CreateObjectMapping: 0.135438 ms MarkObjects: 3.476343 ms  DeleteObjects: 0.086537 ms)

========================================================================
Received Import Request.
  Time since last request: 571.592488 seconds.
  path: Assets/Objects/House1.fbx
  artifactKey: Guid(2a41546de9a5f9748b51de2758ae9368) Importer(815301076,1909f56bfc062723c751e8b465ee728b)
Start importing Assets/Objects/House1.fbx using Guid(2a41546de9a5f9748b51de2758ae9368) Importer(815301076,1909f56bfc062723c751e8b465ee728b)  -> (artifact id: '4ac5c3cf0a9df4793cc8bc109fbfa43f') in 0.467946 seconds
  Import took 0.474763 seconds .

========================================================================
Received Import Request.
  Time since last request: 0.000374 seconds.
  path: Assets/Objects/Male_Zombie/Male_Zombie.obj
  artifactKey: Guid(fb4736150fcb798ee9827e003b35eb3e) Importer(815301076,1909f56bfc062723c751e8b465ee728b)
Start importing Assets/Objects/Male_Zombie/Male_Zombie.obj using Guid(fb4736150fcb798ee9827e003b35eb3e) Importer(815301076,1909f56bfc062723c751e8b465ee728b)  -> (artifact id: '4e491c0d9aaf663a404d1adc77428269') in 0.140832 seconds
  Import took 0.146976 seconds .

========================================================================
Received Import Request.
  Time since last request: 0.000238 seconds.
  path: Assets/Objects/pistol_colt_1911/pistol_colt_1911.FBX
  artifactKey: Guid(8c7c6a530696a281ba2145ec3cc333dc) Importer(815301076,1909f56bfc062723c751e8b465ee728b)
Start importing Assets/Objects/pistol_colt_1911/pistol_colt_1911.FBX using Guid(8c7c6a530696a281ba2145ec3cc333dc) Importer(815301076,1909f56bfc062723c751e8b465ee728b)  -> (artifact id: 'c9f796008c45f83b7a74d7dd4d9614a7') in 0.087599 seconds
  Import took 0.092481 seconds .

========================================================================
Received Import Request.
  Time since last request: 2.525283 seconds.
  path: Assets/Textures/pistol_colt_1911/Materials/pistol_1911_muzzle_flash.mat
  artifactKey: Guid(2af5f41329f209a94bddc054622dfc25) Importer(815301076,1909f56bfc062723c751e8b465ee728b)
Start importing Assets/Textures/pistol_colt_1911/Materials/pistol_1911_muzzle_flash.mat using Guid(2af5f41329f209a94bddc054622dfc25) Importer(815301076,1909f56bfc062723c751e8b465ee728b)  -> (artifact id: '9b498ccb790c6bce743f8d212acdfef1') in 0.006680 seconds
  Import took 0.012019 seconds .

========================================================================
Received Import Request.
  Time since last request: 0.002287 seconds.
  path: Assets/Textures/pistol_colt_1911/Materials/pistol_1911_muzzle_flash.mat
  artifactKey: Guid(2af5f41329f209a94bddc054622dfc25) Importer(815301076,1909f56bfc062723c751e8b465ee728b)
Start importing Assets/Textures/pistol_colt_1911/Materials/pistol_1911_muzzle_flash.mat using Guid(2af5f41329f209a94bddc054622dfc25) Importer(815301076,1909f56bfc062723c751e8b465ee728b)  -> (artifact id: '9b498ccb790c6bce743f8d212acdfef1') in 0.006251 seconds
  Import took 0.011290 seconds .

========================================================================
Received Import Request.
  Time since last request: 154.600112 seconds.
  path: Assets/Skybox/Materials/Skybox_Sunset.mat
  artifactKey: Guid(4067de1a02072244798361060c5e7325) Importer(815301076,1909f56bfc062723c751e8b465ee728b)
Start importing Assets/Skybox/Materials/Skybox_Sunset.mat using Guid(4067de1a02072244798361060c5e7325) Importer(815301076,1909f56bfc062723c751e8b465ee728b)  -> (artifact id: '2b3f589737a59f55c3457b73912fa68a') in 0.165359 seconds
  Import took 0.181922 seconds .

========================================================================
Received Import Request.
  Time since last request: 0.000671 seconds.
  path: Assets/Skybox/Materials/Skybox_Daytime.mat
  artifactKey: Guid(71f14a2d79f732f4d9893ef1b911f4ff) Importer(815301076,1909f56bfc062723c751e8b465ee728b)
Start importing Assets/Skybox/Materials/Skybox_Daytime.mat using Guid(71f14a2d79f732f4d9893ef1b911f4ff) Importer(815301076,1909f56bfc062723c751e8b465ee728b)  -> (artifact id: '737d0b9097a6ee8c836eab586202e43b') in 0.084950 seconds
  Import took 0.094541 seconds .

========================================================================
Received Prepare
Registering precompiled user dll's ...
Registered in 0.001404 seconds.
Begin MonoManager ReloadAssembly
Native extension for LinuxStandalone target not found
Refreshing native plugins compatible for Editor in 0.49 ms, found 0 plugins.
Preloading 0 native plugins for Editor in 0.00 ms.
Invoked RoslynAnalysisRunner static constructor.
RoslynAnalysisRunner will not be running.
RoslynAnalysisRunner has terminated.
Mono: successfully reloaded assembly
- Completed reload, in  1.070 seconds
Platform modules already initialized, skipping
Shader 'Universal Render Pipeline/Particles/Lit': fallback shader 'Universal Render Pipeline/Particles/SimpleLit' not found
Refreshing native plugins compatible for Editor in 0.98 ms, found 0 plugins.
Preloading 0 native plugins for Editor in 0.00 ms.
Unloading 2462 Unused Serialized files (Serialized files now loaded: 0)
System memory in use before: 186.5 MB.
System memory in use after: 186.7 MB.

Unloading 6 unused Assets to reduce memory usage. Loaded Objects now: 3078.
Total: 4.811559 ms (FindLiveObjects: 0.295356 ms CreateObjectMapping: 0.127670 ms MarkObjects: 4.281444 ms  DeleteObjects: 0.104357 ms)

========================================================================
Received Prepare
Registering precompiled user dll's ...
Registered in 0.001332 seconds.
Begin MonoManager ReloadAssembly
Native extension for LinuxStandalone target not found
Refreshing native plugins compatible for Editor in 0.71 ms, found 0 plugins.
Preloading 0 native plugins for Editor in 0.00 ms.
Invoked RoslynAnalysisRunner static constructor.
RoslynAnalysisRunner will not be running.
RoslynAnalysisRunner has terminated.
Mono: successfully reloaded assembly
- Completed reload, in  0.999 seconds
Platform modules already initialized, skipping
Shader 'Universal Render Pipeline/Particles/Lit': fallback shader 'Universal Render Pipeline/Particles/SimpleLit' not found
Refreshing native plugins compatible for Editor in 0.86 ms, found 0 plugins.
Preloading 0 native plugins for Editor in 0.00 ms.
Unloading 2462 Unused Serialized files (Serialized files now loaded: 0)
System memory in use before: 186.5 MB.
System memory in use after: 186.7 MB.

Unloading 6 unused Assets to reduce memory usage. Loaded Objects now: 3081.
Total: 3.909462 ms (FindLiveObjects: 0.282146 ms CreateObjectMapping: 0.134691 ms MarkObjects: 3.401057 ms  DeleteObjects: 0.090181 ms)

========================================================================
Received Prepare
Registering precompiled user dll's ...
Registered in 0.001394 seconds.
Begin MonoManager ReloadAssembly
Native extension for LinuxStandalone target not found
Refreshing native plugins compatible for Editor in 0.65 ms, found 0 plugins.
Preloading 0 native plugins for Editor in 0.00 ms.
Invoked RoslynAnalysisRunner static constructor.
RoslynAnalysisRunner will not be running.
RoslynAnalysisRunner has terminated.
Mono: successfully reloaded assembly
- Completed reload, in  1.101 seconds
Platform modules already initialized, skipping
Shader 'Universal Render Pipeline/Particles/Lit': fallback shader 'Universal Render Pipeline/Particles/SimpleLit' not found
Refreshing native plugins compatible for Editor in 0.53 ms, found 0 plugins.
Preloading 0 native plugins for Editor in 0.00 ms.
Unloading 2462 Unused Serialized files (Serialized files now loaded: 0)
System memory in use before: 186.5 MB.
System memory in use after: 186.7 MB.

Unloading 6 unused Assets to reduce memory usage. Loaded Objects now: 3084.
Total: 4.380927 ms (FindLiveObjects: 0.298175 ms CreateObjectMapping: 0.171575 ms MarkObjects: 3.798971 ms  DeleteObjects: 0.111069 ms)

========================================================================
Received Prepare
Registering precompiled user dll's ...
Registered in 0.001713 seconds.
Begin MonoManager ReloadAssembly
Native extension for LinuxStandalone target not found
Refreshing native plugins compatible for Editor in 0.68 ms, found 0 plugins.
Preloading 0 native plugins for Editor in 0.00 ms.
Invoked RoslynAnalysisRunner static constructor.
RoslynAnalysisRunner will not be running.
RoslynAnalysisRunner has terminated.
Mono: successfully reloaded assembly
- Completed reload, in  0.918 seconds
Platform modules already initialized, skipping
Shader 'Universal Render Pipeline/Particles/Lit': fallback shader 'Universal Render Pipeline/Particles/SimpleLit' not found
Refreshing native plugins compatible for Editor in 0.56 ms, found 0 plugins.
Preloading 0 native plugins for Editor in 0.00 ms.
Unloading 2462 Unused Serialized files (Serialized files now loaded: 0)
System memory in use before: 186.4 MB.
System memory in use after: 186.6 MB.

Unloading 6 unused Assets to reduce memory usage. Loaded Objects now: 3087.
Total: 4.017435 ms (FindLiveObjects: 0.304207 ms CreateObjectMapping: 0.145268 ms MarkObjects: 3.466255 ms  DeleteObjects: 0.100430 ms)

========================================================================
Received Prepare
Registering precompiled user dll's ...
Registered in 0.001433 seconds.
Begin MonoManager ReloadAssembly
Native extension for LinuxStandalone target not found
Refreshing native plugins compatible for Editor in 2.71 ms, found 0 plugins.
Preloading 0 native plugins for Editor in 0.00 ms.
Invoked RoslynAnalysisRunner static constructor.
RoslynAnalysisRunner will not be running.
RoslynAnalysisRunner has terminated.
Mono: successfully reloaded assembly
- Completed reload, in  0.993 seconds
Platform modules already initialized, skipping
Shader 'Universal Render Pipeline/Particles/Lit': fallback shader 'Universal Render Pipeline/Particles/SimpleLit' not found
Refreshing native plugins compatible for Editor in 0.52 ms, found 0 plugins.
Preloading 0 native plugins for Editor in 0.00 ms.
Unloading 2462 Unused Serialized files (Serialized files now loaded: 0)
System memory in use before: 186.5 MB.
System memory in use after: 186.7 MB.

Unloading 6 unused Assets to reduce memory usage. Loaded Objects now: 3090.
Total: 4.031484 ms (FindLiveObjects: 0.304446 ms CreateObjectMapping: 0.133295 ms MarkObjects: 3.501163 ms  DeleteObjects: 0.091354 ms)

========================================================================
Received Prepare
Registering precompiled user dll's ...
Registered in 0.001325 seconds.
Begin MonoManager ReloadAssembly
Native extension for LinuxStandalone target not found
Refreshing native plugins compatible for Editor in 0.49 ms, found 0 plugins.
Preloading 0 native plugins for Editor in 0.00 ms.
Invoked RoslynAnalysisRunner static constructor.
RoslynAnalysisRunner will not be running.
RoslynAnalysisRunner has terminated.
Mono: successfully reloaded assembly
- Completed reload, in  1.457 seconds
Platform modules already initialized, skipping
Shader 'Universal Render Pipeline/Particles/Lit': fallback shader 'Universal Render Pipeline/Particles/SimpleLit' not found
Refreshing native plugins compatible for Editor in 0.57 ms, found 0 plugins.
Preloading 0 native plugins for Editor in 0.00 ms.
Unloading 2462 Unused Serialized files (Serialized files now loaded: 0)
System memory in use before: 186.5 MB.
System memory in use after: 186.7 MB.

Unloading 6 unused Assets to reduce memory usage. Loaded Objects now: 3093.
Total: 4.395383 ms (FindLiveObjects: 0.350984 ms CreateObjectMapping: 0.133621 ms MarkObjects: 3.791390 ms  DeleteObjects: 0.118039 ms)

========================================================================
Received Prepare
Registering precompiled user dll's ...
Registered in 0.001380 seconds.
Begin MonoManager ReloadAssembly
Native extension for LinuxStandalone target not found
Refreshing native plugins compatible for Editor in 0.54 ms, found 0 plugins.
Preloading 0 native plugins for Editor in 0.00 ms.
Invoked RoslynAnalysisRunner static constructor.
RoslynAnalysisRunner will not be running.
RoslynAnalysisRunner has terminated.
Mono: successfully reloaded assembly
- Completed reload, in  0.926 seconds
Platform modules already initialized, skipping
Shader 'Universal Render Pipeline/Particles/Lit': fallback shader 'Universal Render Pipeline/Particles/SimpleLit' not found
Refreshing native plugins compatible for Editor in 0.48 ms, found 0 plugins.
Preloading 0 native plugins for Editor in 0.00 ms.
Unloading 2462 Unused Serialized files (Serialized files now loaded: 0)
System memory in use before: 186.5 MB.
System memory in use after: 186.7 MB.

Unloading 6 unused Assets to reduce memory usage. Loaded Objects now: 3096.
Total: 4.586791 ms (FindLiveObjects: 0.323500 ms CreateObjectMapping: 0.128904 ms MarkObjects: 4.037294 ms  DeleteObjects: 0.095541 ms)

========================================================================
Received Prepare
Registering precompiled user dll's ...
Registered in 0.001343 seconds.
Begin MonoManager ReloadAssembly
Native extension for LinuxStandalone target not found
Refreshing native plugins compatible for Editor in 0.45 ms, found 0 plugins.
Preloading 0 native plugins for Editor in 0.00 ms.
Invoked RoslynAnalysisRunner static constructor.
RoslynAnalysisRunner will not be running.
RoslynAnalysisRunner has terminated.
Mono: successfully reloaded assembly
- Completed reload, in  1.206 seconds
Platform modules already initialized, skipping
Shader 'Universal Render Pipeline/Particles/Lit': fallback shader 'Universal Render Pipeline/Particles/SimpleLit' not found
Refreshing native plugins compatible for Editor in 0.93 ms, found 0 plugins.
Preloading 0 native plugins for Editor in 0.00 ms.
Unloading 2462 Unused Serialized files (Serialized files now loaded: 0)
System memory in use before: 186.5 MB.
System memory in use after: 186.7 MB.

Unloading 6 unused Assets to reduce memory usage. Loaded Objects now: 3099.
Total: 5.369719 ms (FindLiveObjects: 0.314852 ms CreateObjectMapping: 0.141426 ms MarkObjects: 4.761470 ms  DeleteObjects: 0.149875 ms)

========================================================================
Received Prepare
Registering precompiled user dll's ...
Registered in 0.003644 seconds.
Begin MonoManager ReloadAssembly
Native extension for LinuxStandalone target not found
Refreshing native plugins compatible for Editor in 0.48 ms, found 0 plugins.
Preloading 0 native plugins for Editor in 0.00 ms.
Invoked RoslynAnalysisRunner static constructor.
RoslynAnalysisRunner will not be running.
RoslynAnalysisRunner has terminated.
Mono: successfully reloaded assembly
- Completed reload, in  1.153 seconds
Platform modules already initialized, skipping
Shader 'Universal Render Pipeline/Particles/Lit': fallback shader 'Universal Render Pipeline/Particles/SimpleLit' not found
Refreshing native plugins compatible for Editor in 0.76 ms, found 0 plugins.
Preloading 0 native plugins for Editor in 0.00 ms.
Unloading 2462 Unused Serialized files (Serialized files now loaded: 0)
System memory in use before: 186.5 MB.
System memory in use after: 186.7 MB.

Unloading 6 unused Assets to reduce memory usage. Loaded Objects now: 3102.
Total: 10.501142 ms (FindLiveObjects: 1.595140 ms CreateObjectMapping: 0.399932 ms MarkObjects: 8.360893 ms  DeleteObjects: 0.138527 ms)

========================================================================
Received Prepare
Registering precompiled user dll's ...
Registered in 0.001241 seconds.
Begin MonoManager ReloadAssembly
Native extension for LinuxStandalone target not found
Refreshing native plugins compatible for Editor in 0.52 ms, found 0 plugins.
Preloading 0 native plugins for Editor in 0.00 ms.
Invoked RoslynAnalysisRunner static constructor.
RoslynAnalysisRunner will not be running.
RoslynAnalysisRunner has terminated.
Mono: successfully reloaded assembly
- Completed reload, in  0.923 seconds
Platform modules already initialized, skipping
Shader 'Universal Render Pipeline/Particles/Lit': fallback shader 'Universal Render Pipeline/Particles/SimpleLit' not found
Refreshing native plugins compatible for Editor in 0.56 ms, found 0 plugins.
Preloading 0 native plugins for Editor in 0.00 ms.
Unloading 2462 Unused Serialized files (Serialized files now loaded: 0)
System memory in use before: 186.6 MB.
System memory in use after: 186.7 MB.

Unloading 6 unused Assets to reduce memory usage. Loaded Objects now: 3105.
Total: 10.625702 ms (FindLiveObjects: 0.546153 ms CreateObjectMapping: 0.291391 ms MarkObjects: 9.673018 ms  DeleteObjects: 0.112918 ms)

========================================================================
Received Import Request.
  Time since last request: 1712.086543 seconds.
  path: Assets/Materials/pistol_1911.mat
  artifactKey: Guid(fd4bab30b05c4ab26b5cdf2757c1f248) Importer(815301076,1909f56bfc062723c751e8b465ee728b)
Start importing Assets/Materials/pistol_1911.mat using Guid(fd4bab30b05c4ab26b5cdf2757c1f248) Importer(815301076,1909f56bfc062723c751e8b465ee728b)  -> (artifact id: '0ebe94141f2162970394c5da6528b222') in 0.076231 seconds
  Import took 0.084739 seconds .

AssetImportWorkerClient::OnTransportError - code=2 error=End of file
